16:34:26 **** Build of configuration Debug for project LaserHarpG6W18 ****
make all 
'Building file: ../uCOS-II/Source/os_core.c'
'Invoking: ARM C Compiler 5'
armcc --cpu=Cortex-A9 --no_unaligned_access -Dsoc_cv_av -I"C:\Users\anarten\ECE492_Projects\LaserHarpG6W18\software\LaserHarpG6W18\APP" -I"C:\Users\anarten\ECE492_Projects\LaserHarpG6W18\software\LaserHarpG6W18\BSP" -I"C:\Users\anarten\ECE492_Projects\LaserHarpG6W18\software\LaserHarpG6W18\BSP\OS" -I"C:\intelFPGA\17.0\embedded\ip\altera\hps\altera_hps\hwlib\include" -I"C:\intelFPGA\17.0\embedded\ip\altera\hps\altera_hps\hwlib\include\soc_cv_av" -I"C:\intelFPGA\17.0\embedded\ip\altera\hps\altera_hps\hwlib\include\soc_cv_av\socal" -I"C:\Users\anarten\ECE492_Projects\LaserHarpG6W18\software\LaserHarpG6W18\HWLIBS" -I"C:\Users\anarten\ECE492_Projects\LaserHarpG6W18\software\LaserHarpG6W18\uC-CPU\ARM-Cortex-A" -I"C:\Users\anarten\ECE492_Projects\LaserHarpG6W18\software\LaserHarpG6W18\uC-CPU" -I"C:\Users\anarten\ECE492_Projects\LaserHarpG6W18\software\LaserHarpG6W18\uC-LIBS" -I"C:\Users\anarten\ECE492_Projects\LaserHarpG6W18\software\LaserHarpG6W18\uCOS-II\Ports" -I"C:\Users\anarten\ECE492_Projects\LaserHarpG6W18\software\LaserHarpG6W18\uCOS-II\Source" --c99 --gnu -O0 -g --md --depend_format=unix_escaped --no_depend_system_headers --depend_dir="uCOS-II/Source" -c -o "uCOS-II/Source/os_core.o" "../uCOS-II/Source/os_core.c"
'Finished building: ../uCOS-II/Source/os_core.c'
' '
'Building file: ../uCOS-II/Source/os_dbg_r.c'
'Invoking: ARM C Compiler 5'
armcc --cpu=Cortex-A9 --no_unaligned_access -Dsoc_cv_av -I"C:\Users\anarten\ECE492_Projects\LaserHarpG6W18\software\LaserHarpG6W18\APP" -I"C:\Users\anarten\ECE492_Projects\LaserHarpG6W18\software\LaserHarpG6W18\BSP" -I"C:\Users\anarten\ECE492_Projects\LaserHarpG6W18\software\LaserHarpG6W18\BSP\OS" -I"C:\intelFPGA\17.0\embedded\ip\altera\hps\altera_hps\hwlib\include" -I"C:\intelFPGA\17.0\embedded\ip\altera\hps\altera_hps\hwlib\include\soc_cv_av" -I"C:\intelFPGA\17.0\embedded\ip\altera\hps\altera_hps\hwlib\include\soc_cv_av\socal" -I"C:\Users\anarten\ECE492_Projects\LaserHarpG6W18\software\LaserHarpG6W18\HWLIBS" -I"C:\Users\anarten\ECE492_Projects\LaserHarpG6W18\software\LaserHarpG6W18\uC-CPU\ARM-Cortex-A" -I"C:\Users\anarten\ECE492_Projects\LaserHarpG6W18\software\LaserHarpG6W18\uC-CPU" -I"C:\Users\anarten\ECE492_Projects\LaserHarpG6W18\software\LaserHarpG6W18\uC-LIBS" -I"C:\Users\anarten\ECE492_Projects\LaserHarpG6W18\software\LaserHarpG6W18\uCOS-II\Ports" -I"C:\Users\anarten\ECE492_Projects\LaserHarpG6W18\software\LaserHarpG6W18\uCOS-II\Source" --c99 --gnu -O0 -g --md --depend_format=unix_escaped --no_depend_system_headers --depend_dir="uCOS-II/Source" -c -o "uCOS-II/Source/os_dbg_r.o" "../uCOS-II/Source/os_dbg_r.c"
'Finished building: ../uCOS-II/Source/os_dbg_r.c'
' '
'Building file: ../uCOS-II/Source/os_flag.c'
'Invoking: ARM C Compiler 5'
armcc --cpu=Cortex-A9 --no_unaligned_access -Dsoc_cv_av -I"C:\Users\anarten\ECE492_Projects\LaserHarpG6W18\software\LaserHarpG6W18\APP" -I"C:\Users\anarten\ECE492_Projects\LaserHarpG6W18\software\LaserHarpG6W18\BSP" -I"C:\Users\anarten\ECE492_Projects\LaserHarpG6W18\software\LaserHarpG6W18\BSP\OS" -I"C:\intelFPGA\17.0\embedded\ip\altera\hps\altera_hps\hwlib\include" -I"C:\intelFPGA\17.0\embedded\ip\altera\hps\altera_hps\hwlib\include\soc_cv_av" -I"C:\intelFPGA\17.0\embedded\ip\altera\hps\altera_hps\hwlib\include\soc_cv_av\socal" -I"C:\Users\anarten\ECE492_Projects\LaserHarpG6W18\software\LaserHarpG6W18\HWLIBS" -I"C:\Users\anarten\ECE492_Projects\LaserHarpG6W18\software\LaserHarpG6W18\uC-CPU\ARM-Cortex-A" -I"C:\Users\anarten\ECE492_Projects\LaserHarpG6W18\software\LaserHarpG6W18\uC-CPU" -I"C:\Users\anarten\ECE492_Projects\LaserHarpG6W18\software\LaserHarpG6W18\uC-LIBS" -I"C:\Users\anarten\ECE492_Projects\LaserHarpG6W18\software\LaserHarpG6W18\uCOS-II\Ports" -I"C:\Users\anarten\ECE492_Projects\LaserHarpG6W18\software\LaserHarpG6W18\uCOS-II\Source" --c99 --gnu -O0 -g --md --depend_format=unix_escaped --no_depend_system_headers --depend_dir="uCOS-II/Source" -c -o "uCOS-II/Source/os_flag.o" "../uCOS-II/Source/os_flag.c"
'Finished building: ../uCOS-II/Source/os_flag.c'
' '
'Building file: ../uCOS-II/Source/os_mbox.c'
'Invoking: ARM C Compiler 5'
armcc --cpu=Cortex-A9 --no_unaligned_access -Dsoc_cv_av -I"C:\Users\anarten\ECE492_Projects\LaserHarpG6W18\software\LaserHarpG6W18\APP" -I"C:\Users\anarten\ECE492_Projects\LaserHarpG6W18\software\LaserHarpG6W18\BSP" -I"C:\Users\anarten\ECE492_Projects\LaserHarpG6W18\software\LaserHarpG6W18\BSP\OS" -I"C:\intelFPGA\17.0\embedded\ip\altera\hps\altera_hps\hwlib\include" -I"C:\intelFPGA\17.0\embedded\ip\altera\hps\altera_hps\hwlib\include\soc_cv_av" -I"C:\intelFPGA\17.0\embedded\ip\altera\hps\altera_hps\hwlib\include\soc_cv_av\socal" -I"C:\Users\anarten\ECE492_Projects\LaserHarpG6W18\software\LaserHarpG6W18\HWLIBS" -I"C:\Users\anarten\ECE492_Projects\LaserHarpG6W18\software\LaserHarpG6W18\uC-CPU\ARM-Cortex-A" -I"C:\Users\anarten\ECE492_Projects\LaserHarpG6W18\software\LaserHarpG6W18\uC-CPU" -I"C:\Users\anarten\ECE492_Projects\LaserHarpG6W18\software\LaserHarpG6W18\uC-LIBS" -I"C:\Users\anarten\ECE492_Projects\LaserHarpG6W18\software\LaserHarpG6W18\uCOS-II\Ports" -I"C:\Users\anarten\ECE492_Projects\LaserHarpG6W18\software\LaserHarpG6W18\uCOS-II\Source" --c99 --gnu -O0 -g --md --depend_format=unix_escaped --no_depend_system_headers --depend_dir="uCOS-II/Source" -c -o "uCOS-II/Source/os_mbox.o" "../uCOS-II/Source/os_mbox.c"
'Finished building: ../uCOS-II/Source/os_mbox.c'
' '
'Building file: ../uCOS-II/Source/os_mem.c'
'Invoking: ARM C Compiler 5'
armcc --cpu=Cortex-A9 --no_unaligned_access -Dsoc_cv_av -I"C:\Users\anarten\ECE492_Projects\LaserHarpG6W18\software\LaserHarpG6W18\APP" -I"C:\Users\anarten\ECE492_Projects\LaserHarpG6W18\software\LaserHarpG6W18\BSP" -I"C:\Users\anarten\ECE492_Projects\LaserHarpG6W18\software\LaserHarpG6W18\BSP\OS" -I"C:\intelFPGA\17.0\embedded\ip\altera\hps\altera_hps\hwlib\include" -I"C:\intelFPGA\17.0\embedded\ip\altera\hps\altera_hps\hwlib\include\soc_cv_av" -I"C:\intelFPGA\17.0\embedded\ip\altera\hps\altera_hps\hwlib\include\soc_cv_av\socal" -I"C:\Users\anarten\ECE492_Projects\LaserHarpG6W18\software\LaserHarpG6W18\HWLIBS" -I"C:\Users\anarten\ECE492_Projects\LaserHarpG6W18\software\LaserHarpG6W18\uC-CPU\ARM-Cortex-A" -I"C:\Users\anarten\ECE492_Projects\LaserHarpG6W18\software\LaserHarpG6W18\uC-CPU" -I"C:\Users\anarten\ECE492_Projects\LaserHarpG6W18\software\LaserHarpG6W18\uC-LIBS" -I"C:\Users\anarten\ECE492_Projects\LaserHarpG6W18\software\LaserHarpG6W18\uCOS-II\Ports" -I"C:\Users\anarten\ECE492_Projects\LaserHarpG6W18\software\LaserHarpG6W18\uCOS-II\Source" --c99 --gnu -O0 -g --md --depend_format=unix_escaped --no_depend_system_headers --depend_dir="uCOS-II/Source" -c -o "uCOS-II/Source/os_mem.o" "../uCOS-II/Source/os_mem.c"
'Finished building: ../uCOS-II/Source/os_mem.c'
' '
'Building file: ../uCOS-II/Source/os_mutex.c'
'Invoking: ARM C Compiler 5'
armcc --cpu=Cortex-A9 --no_unaligned_access -Dsoc_cv_av -I"C:\Users\anarten\ECE492_Projects\LaserHarpG6W18\software\LaserHarpG6W18\APP" -I"C:\Users\anarten\ECE492_Projects\LaserHarpG6W18\software\LaserHarpG6W18\BSP" -I"C:\Users\anarten\ECE492_Projects\LaserHarpG6W18\software\LaserHarpG6W18\BSP\OS" -I"C:\intelFPGA\17.0\embedded\ip\altera\hps\altera_hps\hwlib\include" -I"C:\intelFPGA\17.0\embedded\ip\altera\hps\altera_hps\hwlib\include\soc_cv_av" -I"C:\intelFPGA\17.0\embedded\ip\altera\hps\altera_hps\hwlib\include\soc_cv_av\socal" -I"C:\Users\anarten\ECE492_Projects\LaserHarpG6W18\software\LaserHarpG6W18\HWLIBS" -I"C:\Users\anarten\ECE492_Projects\LaserHarpG6W18\software\LaserHarpG6W18\uC-CPU\ARM-Cortex-A" -I"C:\Users\anarten\ECE492_Projects\LaserHarpG6W18\software\LaserHarpG6W18\uC-CPU" -I"C:\Users\anarten\ECE492_Projects\LaserHarpG6W18\software\LaserHarpG6W18\uC-LIBS" -I"C:\Users\anarten\ECE492_Projects\LaserHarpG6W18\software\LaserHarpG6W18\uCOS-II\Ports" -I"C:\Users\anarten\ECE492_Projects\LaserHarpG6W18\software\LaserHarpG6W18\uCOS-II\Source" --c99 --gnu -O0 -g --md --depend_format=unix_escaped --no_depend_system_headers --depend_dir="uCOS-II/Source" -c -o "uCOS-II/Source/os_mutex.o" "../uCOS-II/Source/os_mutex.c"
'Finished building: ../uCOS-II/Source/os_mutex.c'
' '
'Building file: ../uCOS-II/Source/os_q.c'
'Invoking: ARM C Compiler 5'
armcc --cpu=Cortex-A9 --no_unaligned_access -Dsoc_cv_av -I"C:\Users\anarten\ECE492_Projects\LaserHarpG6W18\software\LaserHarpG6W18\APP" -I"C:\Users\anarten\ECE492_Projects\LaserHarpG6W18\software\LaserHarpG6W18\BSP" -I"C:\Users\anarten\ECE492_Projects\LaserHarpG6W18\software\LaserHarpG6W18\BSP\OS" -I"C:\intelFPGA\17.0\embedded\ip\altera\hps\altera_hps\hwlib\include" -I"C:\intelFPGA\17.0\embedded\ip\altera\hps\altera_hps\hwlib\include\soc_cv_av" -I"C:\intelFPGA\17.0\embedded\ip\altera\hps\altera_hps\hwlib\include\soc_cv_av\socal" -I"C:\Users\anarten\ECE492_Projects\LaserHarpG6W18\software\LaserHarpG6W18\HWLIBS" -I"C:\Users\anarten\ECE492_Projects\LaserHarpG6W18\software\LaserHarpG6W18\uC-CPU\ARM-Cortex-A" -I"C:\Users\anarten\ECE492_Projects\LaserHarpG6W18\software\LaserHarpG6W18\uC-CPU" -I"C:\Users\anarten\ECE492_Projects\LaserHarpG6W18\software\LaserHarpG6W18\uC-LIBS" -I"C:\Users\anarten\ECE492_Projects\LaserHarpG6W18\software\LaserHarpG6W18\uCOS-II\Ports" -I"C:\Users\anarten\ECE492_Projects\LaserHarpG6W18\software\LaserHarpG6W18\uCOS-II\Source" --c99 --gnu -O0 -g --md --depend_format=unix_escaped --no_depend_system_headers --depend_dir="uCOS-II/Source" -c -o "uCOS-II/Source/os_q.o" "../uCOS-II/Source/os_q.c"
'Finished building: ../uCOS-II/Source/os_q.c'
' '
'Building file: ../uCOS-II/Source/os_sem.c'
'Invoking: ARM C Compiler 5'
armcc --cpu=Cortex-A9 --no_unaligned_access -Dsoc_cv_av -I"C:\Users\anarten\ECE492_Projects\LaserHarpG6W18\software\LaserHarpG6W18\APP" -I"C:\Users\anarten\ECE492_Projects\LaserHarpG6W18\software\LaserHarpG6W18\BSP" -I"C:\Users\anarten\ECE492_Projects\LaserHarpG6W18\software\LaserHarpG6W18\BSP\OS" -I"C:\intelFPGA\17.0\embedded\ip\altera\hps\altera_hps\hwlib\include" -I"C:\intelFPGA\17.0\embedded\ip\altera\hps\altera_hps\hwlib\include\soc_cv_av" -I"C:\intelFPGA\17.0\embedded\ip\altera\hps\altera_hps\hwlib\include\soc_cv_av\socal" -I"C:\Users\anarten\ECE492_Projects\LaserHarpG6W18\software\LaserHarpG6W18\HWLIBS" -I"C:\Users\anarten\ECE492_Projects\LaserHarpG6W18\software\LaserHarpG6W18\uC-CPU\ARM-Cortex-A" -I"C:\Users\anarten\ECE492_Projects\LaserHarpG6W18\software\LaserHarpG6W18\uC-CPU" -I"C:\Users\anarten\ECE492_Projects\LaserHarpG6W18\software\LaserHarpG6W18\uC-LIBS" -I"C:\Users\anarten\ECE492_Projects\LaserHarpG6W18\software\LaserHarpG6W18\uCOS-II\Ports" -I"C:\Users\anarten\ECE492_Projects\LaserHarpG6W18\software\LaserHarpG6W18\uCOS-II\Source" --c99 --gnu -O0 -g --md --depend_format=unix_escaped --no_depend_system_headers --depend_dir="uCOS-II/Source" -c -o "uCOS-II/Source/os_sem.o" "../uCOS-II/Source/os_sem.c"
'Finished building: ../uCOS-II/Source/os_sem.c'
' '
'Building file: ../uCOS-II/Source/os_task.c'
'Invoking: ARM C Compiler 5'
armcc --cpu=Cortex-A9 --no_unaligned_access -Dsoc_cv_av -I"C:\Users\anarten\ECE492_Projects\LaserHarpG6W18\software\LaserHarpG6W18\APP" -I"C:\Users\anarten\ECE492_Projects\LaserHarpG6W18\software\LaserHarpG6W18\BSP" -I"C:\Users\anarten\ECE492_Projects\LaserHarpG6W18\software\LaserHarpG6W18\BSP\OS" -I"C:\intelFPGA\17.0\embedded\ip\altera\hps\altera_hps\hwlib\include" -I"C:\intelFPGA\17.0\embedded\ip\altera\hps\altera_hps\hwlib\include\soc_cv_av" -I"C:\intelFPGA\17.0\embedded\ip\altera\hps\altera_hps\hwlib\include\soc_cv_av\socal" -I"C:\Users\anarten\ECE492_Projects\LaserHarpG6W18\software\LaserHarpG6W18\HWLIBS" -I"C:\Users\anarten\ECE492_Projects\LaserHarpG6W18\software\LaserHarpG6W18\uC-CPU\ARM-Cortex-A" -I"C:\Users\anarten\ECE492_Projects\LaserHarpG6W18\software\LaserHarpG6W18\uC-CPU" -I"C:\Users\anarten\ECE492_Projects\LaserHarpG6W18\software\LaserHarpG6W18\uC-LIBS" -I"C:\Users\anarten\ECE492_Projects\LaserHarpG6W18\software\LaserHarpG6W18\uCOS-II\Ports" -I"C:\Users\anarten\ECE492_Projects\LaserHarpG6W18\software\LaserHarpG6W18\uCOS-II\Source" --c99 --gnu -O0 -g --md --depend_format=unix_escaped --no_depend_system_headers --depend_dir="uCOS-II/Source" -c -o "uCOS-II/Source/os_task.o" "../uCOS-II/Source/os_task.c"
'Finished building: ../uCOS-II/Source/os_task.c'
' '
'Building file: ../uCOS-II/Source/os_time.c'
'Invoking: ARM C Compiler 5'
armcc --cpu=Cortex-A9 --no_unaligned_access -Dsoc_cv_av -I"C:\Users\anarten\ECE492_Projects\LaserHarpG6W18\software\LaserHarpG6W18\APP" -I"C:\Users\anarten\ECE492_Projects\LaserHarpG6W18\software\LaserHarpG6W18\BSP" -I"C:\Users\anarten\ECE492_Projects\LaserHarpG6W18\software\LaserHarpG6W18\BSP\OS" -I"C:\intelFPGA\17.0\embedded\ip\altera\hps\altera_hps\hwlib\include" -I"C:\intelFPGA\17.0\embedded\ip\altera\hps\altera_hps\hwlib\include\soc_cv_av" -I"C:\intelFPGA\17.0\embedded\ip\altera\hps\altera_hps\hwlib\include\soc_cv_av\socal" -I"C:\Users\anarten\ECE492_Projects\LaserHarpG6W18\software\LaserHarpG6W18\HWLIBS" -I"C:\Users\anarten\ECE492_Projects\LaserHarpG6W18\software\LaserHarpG6W18\uC-CPU\ARM-Cortex-A" -I"C:\Users\anarten\ECE492_Projects\LaserHarpG6W18\software\LaserHarpG6W18\uC-CPU" -I"C:\Users\anarten\ECE492_Projects\LaserHarpG6W18\software\LaserHarpG6W18\uC-LIBS" -I"C:\Users\anarten\ECE492_Projects\LaserHarpG6W18\software\LaserHarpG6W18\uCOS-II\Ports" -I"C:\Users\anarten\ECE492_Projects\LaserHarpG6W18\software\LaserHarpG6W18\uCOS-II\Source" --c99 --gnu -O0 -g --md --depend_format=unix_escaped --no_depend_system_headers --depend_dir="uCOS-II/Source" -c -o "uCOS-II/Source/os_time.o" "../uCOS-II/Source/os_time.c"
'Finished building: ../uCOS-II/Source/os_time.c'
' '
'Building file: ../uCOS-II/Source/os_tmr.c'
'Invoking: ARM C Compiler 5'
armcc --cpu=Cortex-A9 --no_unaligned_access -Dsoc_cv_av -I"C:\Users\anarten\ECE492_Projects\LaserHarpG6W18\software\LaserHarpG6W18\APP" -I"C:\Users\anarten\ECE492_Projects\LaserHarpG6W18\software\LaserHarpG6W18\BSP" -I"C:\Users\anarten\ECE492_Projects\LaserHarpG6W18\software\LaserHarpG6W18\BSP\OS" -I"C:\intelFPGA\17.0\embedded\ip\altera\hps\altera_hps\hwlib\include" -I"C:\intelFPGA\17.0\embedded\ip\altera\hps\altera_hps\hwlib\include\soc_cv_av" -I"C:\intelFPGA\17.0\embedded\ip\altera\hps\altera_hps\hwlib\include\soc_cv_av\socal" -I"C:\Users\anarten\ECE492_Projects\LaserHarpG6W18\software\LaserHarpG6W18\HWLIBS" -I"C:\Users\anarten\ECE492_Projects\LaserHarpG6W18\software\LaserHarpG6W18\uC-CPU\ARM-Cortex-A" -I"C:\Users\anarten\ECE492_Projects\LaserHarpG6W18\software\LaserHarpG6W18\uC-CPU" -I"C:\Users\anarten\ECE492_Projects\LaserHarpG6W18\software\LaserHarpG6W18\uC-LIBS" -I"C:\Users\anarten\ECE492_Projects\LaserHarpG6W18\software\LaserHarpG6W18\uCOS-II\Ports" -I"C:\Users\anarten\ECE492_Projects\LaserHarpG6W18\software\LaserHarpG6W18\uCOS-II\Source" --c99 --gnu -O0 -g --md --depend_format=unix_escaped --no_depend_system_headers --depend_dir="uCOS-II/Source" -c -o "uCOS-II/Source/os_tmr.o" "../uCOS-II/Source/os_tmr.c"
'Finished building: ../uCOS-II/Source/os_tmr.c'
' '
'Building file: ../uCOS-II/Ports/os_cpu_a_vfp-d32.s'
'Invoking: ARM Assembler 5'
armasm --cpu=Cortex-A9 --no_unaligned_access -g --md --depend_format=unix_escaped --depend="uCOS-II/Ports/os_cpu_a_vfp-d32.d" -o "uCOS-II/Ports/os_cpu_a_vfp-d32.o" "../uCOS-II/Ports/os_cpu_a_vfp-d32.s"
'Finished building: ../uCOS-II/Ports/os_cpu_a_vfp-d32.s'
' '
'Building file: ../uCOS-II/Ports/os_cpu_c.c'
'Invoking: ARM C Compiler 5'
armcc --cpu=Cortex-A9 --no_unaligned_access -Dsoc_cv_av -I"C:\Users\anarten\ECE492_Projects\LaserHarpG6W18\software\LaserHarpG6W18\APP" -I"C:\Users\anarten\ECE492_Projects\LaserHarpG6W18\software\LaserHarpG6W18\BSP" -I"C:\Users\anarten\ECE492_Projects\LaserHarpG6W18\software\LaserHarpG6W18\BSP\OS" -I"C:\intelFPGA\17.0\embedded\ip\altera\hps\altera_hps\hwlib\include" -I"C:\intelFPGA\17.0\embedded\ip\altera\hps\altera_hps\hwlib\include\soc_cv_av" -I"C:\intelFPGA\17.0\embedded\ip\altera\hps\altera_hps\hwlib\include\soc_cv_av\socal" -I"C:\Users\anarten\ECE492_Projects\LaserHarpG6W18\software\LaserHarpG6W18\HWLIBS" -I"C:\Users\anarten\ECE492_Projects\LaserHarpG6W18\software\LaserHarpG6W18\uC-CPU\ARM-Cortex-A" -I"C:\Users\anarten\ECE492_Projects\LaserHarpG6W18\software\LaserHarpG6W18\uC-CPU" -I"C:\Users\anarten\ECE492_Projects\LaserHarpG6W18\software\LaserHarpG6W18\uC-LIBS" -I"C:\Users\anarten\ECE492_Projects\LaserHarpG6W18\software\LaserHarpG6W18\uCOS-II\Ports" -I"C:\Users\anarten\ECE492_Projects\LaserHarpG6W18\software\LaserHarpG6W18\uCOS-II\Source" --c99 --gnu -O0 -g --md --depend_format=unix_escaped --no_depend_system_headers --depend_dir="uCOS-II/Ports" -c -o "uCOS-II/Ports/os_cpu_c.o" "../uCOS-II/Ports/os_cpu_c.c"
'Finished building: ../uCOS-II/Ports/os_cpu_c.c'
' '
'Building file: ../uC-LIBS/lib_ascii.c'
'Invoking: ARM C Compiler 5'
armcc --cpu=Cortex-A9 --no_unaligned_access -Dsoc_cv_av -I"C:\Users\anarten\ECE492_Projects\LaserHarpG6W18\software\LaserHarpG6W18\APP" -I"C:\Users\anarten\ECE492_Projects\LaserHarpG6W18\software\LaserHarpG6W18\BSP" -I"C:\Users\anarten\ECE492_Projects\LaserHarpG6W18\software\LaserHarpG6W18\BSP\OS" -I"C:\intelFPGA\17.0\embedded\ip\altera\hps\altera_hps\hwlib\include" -I"C:\intelFPGA\17.0\embedded\ip\altera\hps\altera_hps\hwlib\include\soc_cv_av" -I"C:\intelFPGA\17.0\embedded\ip\altera\hps\altera_hps\hwlib\include\soc_cv_av\socal" -I"C:\Users\anarten\ECE492_Projects\LaserHarpG6W18\software\LaserHarpG6W18\HWLIBS" -I"C:\Users\anarten\ECE492_Projects\LaserHarpG6W18\software\LaserHarpG6W18\uC-CPU\ARM-Cortex-A" -I"C:\Users\anarten\ECE492_Projects\LaserHarpG6W18\software\LaserHarpG6W18\uC-CPU" -I"C:\Users\anarten\ECE492_Projects\LaserHarpG6W18\software\LaserHarpG6W18\uC-LIBS" -I"C:\Users\anarten\ECE492_Projects\LaserHarpG6W18\software\LaserHarpG6W18\uCOS-II\Ports" -I"C:\Users\anarten\ECE492_Projects\LaserHarpG6W18\software\LaserHarpG6W18\uCOS-II\Source" --c99 --gnu -O0 -g --md --depend_format=unix_escaped --no_depend_system_headers --depend_dir="uC-LIBS" -c -o "uC-LIBS/lib_ascii.o" "../uC-LIBS/lib_ascii.c"
'Finished building: ../uC-LIBS/lib_ascii.c'
' '
'Building file: ../uC-LIBS/lib_math.c'
'Invoking: ARM C Compiler 5'
armcc --cpu=Cortex-A9 --no_unaligned_access -Dsoc_cv_av -I"C:\Users\anarten\ECE492_Projects\LaserHarpG6W18\software\LaserHarpG6W18\APP" -I"C:\Users\anarten\ECE492_Projects\LaserHarpG6W18\software\LaserHarpG6W18\BSP" -I"C:\Users\anarten\ECE492_Projects\LaserHarpG6W18\software\LaserHarpG6W18\BSP\OS" -I"C:\intelFPGA\17.0\embedded\ip\altera\hps\altera_hps\hwlib\include" -I"C:\intelFPGA\17.0\embedded\ip\altera\hps\altera_hps\hwlib\include\soc_cv_av" -I"C:\intelFPGA\17.0\embedded\ip\altera\hps\altera_hps\hwlib\include\soc_cv_av\socal" -I"C:\Users\anarten\ECE492_Projects\LaserHarpG6W18\software\LaserHarpG6W18\HWLIBS" -I"C:\Users\anarten\ECE492_Projects\LaserHarpG6W18\software\LaserHarpG6W18\uC-CPU\ARM-Cortex-A" -I"C:\Users\anarten\ECE492_Projects\LaserHarpG6W18\software\LaserHarpG6W18\uC-CPU" -I"C:\Users\anarten\ECE492_Projects\LaserHarpG6W18\software\LaserHarpG6W18\uC-LIBS" -I"C:\Users\anarten\ECE492_Projects\LaserHarpG6W18\software\LaserHarpG6W18\uCOS-II\Ports" -I"C:\Users\anarten\ECE492_Projects\LaserHarpG6W18\software\LaserHarpG6W18\uCOS-II\Source" --c99 --gnu -O0 -g --md --depend_format=unix_escaped --no_depend_system_headers --depend_dir="uC-LIBS" -c -o "uC-LIBS/lib_math.o" "../uC-LIBS/lib_math.c"
'Finished building: ../uC-LIBS/lib_math.c'
' '
'Building file: ../uC-LIBS/lib_mem.c'
'Invoking: ARM C Compiler 5'
armcc --cpu=Cortex-A9 --no_unaligned_access -Dsoc_cv_av -I"C:\Users\anarten\ECE492_Projects\LaserHarpG6W18\software\LaserHarpG6W18\APP" -I"C:\Users\anarten\ECE492_Projects\LaserHarpG6W18\software\LaserHarpG6W18\BSP" -I"C:\Users\anarten\ECE492_Projects\LaserHarpG6W18\software\LaserHarpG6W18\BSP\OS" -I"C:\intelFPGA\17.0\embedded\ip\altera\hps\altera_hps\hwlib\include" -I"C:\intelFPGA\17.0\embedded\ip\altera\hps\altera_hps\hwlib\include\soc_cv_av" -I"C:\intelFPGA\17.0\embedded\ip\altera\hps\altera_hps\hwlib\include\soc_cv_av\socal" -I"C:\Users\anarten\ECE492_Projects\LaserHarpG6W18\software\LaserHarpG6W18\HWLIBS" -I"C:\Users\anarten\ECE492_Projects\LaserHarpG6W18\software\LaserHarpG6W18\uC-CPU\ARM-Cortex-A" -I"C:\Users\anarten\ECE492_Projects\LaserHarpG6W18\software\LaserHarpG6W18\uC-CPU" -I"C:\Users\anarten\ECE492_Projects\LaserHarpG6W18\software\LaserHarpG6W18\uC-LIBS" -I"C:\Users\anarten\ECE492_Projects\LaserHarpG6W18\software\LaserHarpG6W18\uCOS-II\Ports" -I"C:\Users\anarten\ECE492_Projects\LaserHarpG6W18\software\LaserHarpG6W18\uCOS-II\Source" --c99 --gnu -O0 -g --md --depend_format=unix_escaped --no_depend_system_headers --depend_dir="uC-LIBS" -c -o "uC-LIBS/lib_mem.o" "../uC-LIBS/lib_mem.c"
'Finished building: ../uC-LIBS/lib_mem.c'
' '
'Building file: ../uC-LIBS/lib_str.c'
'Invoking: ARM C Compiler 5'
armcc --cpu=Cortex-A9 --no_unaligned_access -Dsoc_cv_av -I"C:\Users\anarten\ECE492_Projects\LaserHarpG6W18\software\LaserHarpG6W18\APP" -I"C:\Users\anarten\ECE492_Projects\LaserHarpG6W18\software\LaserHarpG6W18\BSP" -I"C:\Users\anarten\ECE492_Projects\LaserHarpG6W18\software\LaserHarpG6W18\BSP\OS" -I"C:\intelFPGA\17.0\embedded\ip\altera\hps\altera_hps\hwlib\include" -I"C:\intelFPGA\17.0\embedded\ip\altera\hps\altera_hps\hwlib\include\soc_cv_av" -I"C:\intelFPGA\17.0\embedded\ip\altera\hps\altera_hps\hwlib\include\soc_cv_av\socal" -I"C:\Users\anarten\ECE492_Projects\LaserHarpG6W18\software\LaserHarpG6W18\HWLIBS" -I"C:\Users\anarten\ECE492_Projects\LaserHarpG6W18\software\LaserHarpG6W18\uC-CPU\ARM-Cortex-A" -I"C:\Users\anarten\ECE492_Projects\LaserHarpG6W18\software\LaserHarpG6W18\uC-CPU" -I"C:\Users\anarten\ECE492_Projects\LaserHarpG6W18\software\LaserHarpG6W18\uC-LIBS" -I"C:\Users\anarten\ECE492_Projects\LaserHarpG6W18\software\LaserHarpG6W18\uCOS-II\Ports" -I"C:\Users\anarten\ECE492_Projects\LaserHarpG6W18\software\LaserHarpG6W18\uCOS-II\Source" --c99 --gnu -O0 -g --md --depend_format=unix_escaped --no_depend_system_headers --depend_dir="uC-LIBS" -c -o "uC-LIBS/lib_str.o" "../uC-LIBS/lib_str.c"
'Finished building: ../uC-LIBS/lib_str.c'
' '
'Building file: ../uC-CPU/Cache/cpu_cache_armv7_generic_l1_l2c310_l2.c'
'Invoking: ARM C Compiler 5'
armcc --cpu=Cortex-A9 --no_unaligned_access -Dsoc_cv_av -I"C:\Users\anarten\ECE492_Projects\LaserHarpG6W18\software\LaserHarpG6W18\APP" -I"C:\Users\anarten\ECE492_Projects\LaserHarpG6W18\software\LaserHarpG6W18\BSP" -I"C:\Users\anarten\ECE492_Projects\LaserHarpG6W18\software\LaserHarpG6W18\BSP\OS" -I"C:\intelFPGA\17.0\embedded\ip\altera\hps\altera_hps\hwlib\include" -I"C:\intelFPGA\17.0\embedded\ip\altera\hps\altera_hps\hwlib\include\soc_cv_av" -I"C:\intelFPGA\17.0\embedded\ip\altera\hps\altera_hps\hwlib\include\soc_cv_av\socal" -I"C:\Users\anarten\ECE492_Projects\LaserHarpG6W18\software\LaserHarpG6W18\HWLIBS" -I"C:\Users\anarten\ECE492_Projects\LaserHarpG6W18\software\LaserHarpG6W18\uC-CPU\ARM-Cortex-A" -I"C:\Users\anarten\ECE492_Projects\LaserHarpG6W18\software\LaserHarpG6W18\uC-CPU" -I"C:\Users\anarten\ECE492_Projects\LaserHarpG6W18\software\LaserHarpG6W18\uC-LIBS" -I"C:\Users\anarten\ECE492_Projects\LaserHarpG6W18\software\LaserHarpG6W18\uCOS-II\Ports" -I"C:\Users\anarten\ECE492_Projects\LaserHarpG6W18\software\LaserHarpG6W18\uCOS-II\Source" --c99 --gnu -O0 -g --md --depend_format=unix_escaped --no_depend_system_headers --depend_dir="uC-CPU/Cache" -c -o "uC-CPU/Cache/cpu_cache_armv7_generic_l1_l2c310_l2.o" "../uC-CPU/Cache/cpu_cache_armv7_generic_l1_l2c310_l2.c"
'Finished building: ../uC-CPU/Cache/cpu_cache_armv7_generic_l1_l2c310_l2.c'
' '
'Building file: ../uC-CPU/Cache/cpu_cache_armv7_generic_l1_l2c310_l2_a.s'
'Invoking: ARM Assembler 5'
armasm --cpu=Cortex-A9 --no_unaligned_access -g --md --depend_format=unix_escaped --depend="uC-CPU/Cache/cpu_cache_armv7_generic_l1_l2c310_l2_a.d" -o "uC-CPU/Cache/cpu_cache_armv7_generic_l1_l2c310_l2_a.o" "../uC-CPU/Cache/cpu_cache_armv7_generic_l1_l2c310_l2_a.s"
'Finished building: ../uC-CPU/Cache/cpu_cache_armv7_generic_l1_l2c310_l2_a.s'
' '
'Building file: ../uC-CPU/ARM-Cortex-A/cpu_a.s'
'Invoking: ARM Assembler 5'
armasm --cpu=Cortex-A9 --no_unaligned_access -g --md --depend_format=unix_escaped --depend="uC-CPU/ARM-Cortex-A/cpu_a.d" -o "uC-CPU/ARM-Cortex-A/cpu_a.o" "../uC-CPU/ARM-Cortex-A/cpu_a.s"
'Finished building: ../uC-CPU/ARM-Cortex-A/cpu_a.s'
' '
'Building file: ../uC-CPU/cpu_core.c'
'Invoking: ARM C Compiler 5'
armcc --cpu=Cortex-A9 --no_unaligned_access -Dsoc_cv_av -I"C:\Users\anarten\ECE492_Projects\LaserHarpG6W18\software\LaserHarpG6W18\APP" -I"C:\Users\anarten\ECE492_Projects\LaserHarpG6W18\software\LaserHarpG6W18\BSP" -I"C:\Users\anarten\ECE492_Projects\LaserHarpG6W18\software\LaserHarpG6W18\BSP\OS" -I"C:\intelFPGA\17.0\embedded\ip\altera\hps\altera_hps\hwlib\include" -I"C:\intelFPGA\17.0\embedded\ip\altera\hps\altera_hps\hwlib\include\soc_cv_av" -I"C:\intelFPGA\17.0\embedded\ip\altera\hps\altera_hps\hwlib\include\soc_cv_av\socal" -I"C:\Users\anarten\ECE492_Projects\LaserHarpG6W18\software\LaserHarpG6W18\HWLIBS" -I"C:\Users\anarten\ECE492_Projects\LaserHarpG6W18\software\LaserHarpG6W18\uC-CPU\ARM-Cortex-A" -I"C:\Users\anarten\ECE492_Projects\LaserHarpG6W18\software\LaserHarpG6W18\uC-CPU" -I"C:\Users\anarten\ECE492_Projects\LaserHarpG6W18\software\LaserHarpG6W18\uC-LIBS" -I"C:\Users\anarten\ECE492_Projects\LaserHarpG6W18\software\LaserHarpG6W18\uCOS-II\Ports" -I"C:\Users\anarten\ECE492_Projects\LaserHarpG6W18\software\LaserHarpG6W18\uCOS-II\Source" --c99 --gnu -O0 -g --md --depend_format=unix_escaped --no_depend_system_headers --depend_dir="uC-CPU" -c -o "uC-CPU/cpu_core.o" "../uC-CPU/cpu_core.c"
'Finished building: ../uC-CPU/cpu_core.c'
' '
'Building file: ../HWLIBS/alt_16550_uart.c'
'Invoking: ARM C Compiler 5'
armcc --cpu=Cortex-A9 --no_unaligned_access -Dsoc_cv_av -I"C:\Users\anarten\ECE492_Projects\LaserHarpG6W18\software\LaserHarpG6W18\APP" -I"C:\Users\anarten\ECE492_Projects\LaserHarpG6W18\software\LaserHarpG6W18\BSP" -I"C:\Users\anarten\ECE492_Projects\LaserHarpG6W18\software\LaserHarpG6W18\BSP\OS" -I"C:\intelFPGA\17.0\embedded\ip\altera\hps\altera_hps\hwlib\include" -I"C:\intelFPGA\17.0\embedded\ip\altera\hps\altera_hps\hwlib\include\soc_cv_av" -I"C:\intelFPGA\17.0\embedded\ip\altera\hps\altera_hps\hwlib\include\soc_cv_av\socal" -I"C:\Users\anarten\ECE492_Projects\LaserHarpG6W18\software\LaserHarpG6W18\HWLIBS" -I"C:\Users\anarten\ECE492_Projects\LaserHarpG6W18\software\LaserHarpG6W18\uC-CPU\ARM-Cortex-A" -I"C:\Users\anarten\ECE492_Projects\LaserHarpG6W18\software\LaserHarpG6W18\uC-CPU" -I"C:\Users\anarten\ECE492_Projects\LaserHarpG6W18\software\LaserHarpG6W18\uC-LIBS" -I"C:\Users\anarten\ECE492_Projects\LaserHarpG6W18\software\LaserHarpG6W18\uCOS-II\Ports" -I"C:\Users\anarten\ECE492_Projects\LaserHarpG6W18\software\LaserHarpG6W18\uCOS-II\Source" --c99 --gnu -O0 -g --md --depend_format=unix_escaped --no_depend_system_headers --depend_dir="HWLIBS" -c -o "HWLIBS/alt_16550_uart.o" "../HWLIBS/alt_16550_uart.c"
'Finished building: ../HWLIBS/alt_16550_uart.c'
' '
'Building file: ../HWLIBS/alt_bridge_manager.c'
'Invoking: ARM C Compiler 5'
armcc --cpu=Cortex-A9 --no_unaligned_access -Dsoc_cv_av -I"C:\Users\anarten\ECE492_Projects\LaserHarpG6W18\software\LaserHarpG6W18\APP" -I"C:\Users\anarten\ECE492_Projects\LaserHarpG6W18\software\LaserHarpG6W18\BSP" -I"C:\Users\anarten\ECE492_Projects\LaserHarpG6W18\software\LaserHarpG6W18\BSP\OS" -I"C:\intelFPGA\17.0\embedded\ip\altera\hps\altera_hps\hwlib\include" -I"C:\intelFPGA\17.0\embedded\ip\altera\hps\altera_hps\hwlib\include\soc_cv_av" -I"C:\intelFPGA\17.0\embedded\ip\altera\hps\altera_hps\hwlib\include\soc_cv_av\socal" -I"C:\Users\anarten\ECE492_Projects\LaserHarpG6W18\software\LaserHarpG6W18\HWLIBS" -I"C:\Users\anarten\ECE492_Projects\LaserHarpG6W18\software\LaserHarpG6W18\uC-CPU\ARM-Cortex-A" -I"C:\Users\anarten\ECE492_Projects\LaserHarpG6W18\software\LaserHarpG6W18\uC-CPU" -I"C:\Users\anarten\ECE492_Projects\LaserHarpG6W18\software\LaserHarpG6W18\uC-LIBS" -I"C:\Users\anarten\ECE492_Projects\LaserHarpG6W18\software\LaserHarpG6W18\uCOS-II\Ports" -I"C:\Users\anarten\ECE492_Projects\LaserHarpG6W18\software\LaserHarpG6W18\uCOS-II\Source" --c99 --gnu -O0 -g --md --depend_format=unix_escaped --no_depend_system_headers --depend_dir="HWLIBS" -c -o "HWLIBS/alt_bridge_manager.o" "../HWLIBS/alt_bridge_manager.c"
"C:\intelFPGA\17.0\embedded\ip\altera\hps\altera_hps\hwlib\include\alt_i2c.h", line 358: Warning:  #2532-D: support for trigraphs is disabled
   * Discuss special handling of abrt_sbyte_norstrt TX_ABRT source required in ???() function.
                                                                                ^
../HWLIBS/alt_bridge_manager.c: 1 warning, 0 errors
'Finished building: ../HWLIBS/alt_bridge_manager.c'
' '
'Building file: ../HWLIBS/alt_clock_manager.c'
'Invoking: ARM C Compiler 5'
armcc --cpu=Cortex-A9 --no_unaligned_access -Dsoc_cv_av -I"C:\Users\anarten\ECE492_Projects\LaserHarpG6W18\software\LaserHarpG6W18\APP" -I"C:\Users\anarten\ECE492_Projects\LaserHarpG6W18\software\LaserHarpG6W18\BSP" -I"C:\Users\anarten\ECE492_Projects\LaserHarpG6W18\software\LaserHarpG6W18\BSP\OS" -I"C:\intelFPGA\17.0\embedded\ip\altera\hps\altera_hps\hwlib\include" -I"C:\intelFPGA\17.0\embedded\ip\altera\hps\altera_hps\hwlib\include\soc_cv_av" -I"C:\intelFPGA\17.0\embedded\ip\altera\hps\altera_hps\hwlib\include\soc_cv_av\socal" -I"C:\Users\anarten\ECE492_Projects\LaserHarpG6W18\software\LaserHarpG6W18\HWLIBS" -I"C:\Users\anarten\ECE492_Projects\LaserHarpG6W18\software\LaserHarpG6W18\uC-CPU\ARM-Cortex-A" -I"C:\Users\anarten\ECE492_Projects\LaserHarpG6W18\software\LaserHarpG6W18\uC-CPU" -I"C:\Users\anarten\ECE492_Projects\LaserHarpG6W18\software\LaserHarpG6W18\uC-LIBS" -I"C:\Users\anarten\ECE492_Projects\LaserHarpG6W18\software\LaserHarpG6W18\uCOS-II\Ports" -I"C:\Users\anarten\ECE492_Projects\LaserHarpG6W18\software\LaserHarpG6W18\uCOS-II\Source" --c99 --gnu -O0 -g --md --depend_format=unix_escaped --no_depend_system_headers --depend_dir="HWLIBS" -c -o "HWLIBS/alt_clock_manager.o" "../HWLIBS/alt_clock_manager.c"
'Finished building: ../HWLIBS/alt_clock_manager.c'
' '
'Building file: ../HWLIBS/alt_fpga_manager.c'
'Invoking: ARM C Compiler 5'
armcc --cpu=Cortex-A9 --no_unaligned_access -Dsoc_cv_av -I"C:\Users\anarten\ECE492_Projects\LaserHarpG6W18\software\LaserHarpG6W18\APP" -I"C:\Users\anarten\ECE492_Projects\LaserHarpG6W18\software\LaserHarpG6W18\BSP" -I"C:\Users\anarten\ECE492_Projects\LaserHarpG6W18\software\LaserHarpG6W18\BSP\OS" -I"C:\intelFPGA\17.0\embedded\ip\altera\hps\altera_hps\hwlib\include" -I"C:\intelFPGA\17.0\embedded\ip\altera\hps\altera_hps\hwlib\include\soc_cv_av" -I"C:\intelFPGA\17.0\embedded\ip\altera\hps\altera_hps\hwlib\include\soc_cv_av\socal" -I"C:\Users\anarten\ECE492_Projects\LaserHarpG6W18\software\LaserHarpG6W18\HWLIBS" -I"C:\Users\anarten\ECE492_Projects\LaserHarpG6W18\software\LaserHarpG6W18\uC-CPU\ARM-Cortex-A" -I"C:\Users\anarten\ECE492_Projects\LaserHarpG6W18\software\LaserHarpG6W18\uC-CPU" -I"C:\Users\anarten\ECE492_Projects\LaserHarpG6W18\software\LaserHarpG6W18\uC-LIBS" -I"C:\Users\anarten\ECE492_Projects\LaserHarpG6W18\software\LaserHarpG6W18\uCOS-II\Ports" -I"C:\Users\anarten\ECE492_Projects\LaserHarpG6W18\software\LaserHarpG6W18\uCOS-II\Source" --c99 --gnu -O0 -g --md --depend_format=unix_escaped --no_depend_system_headers --depend_dir="HWLIBS" -c -o "HWLIBS/alt_fpga_manager.o" "../HWLIBS/alt_fpga_manager.c"
"C:\intelFPGA\17.0\embedded\ip\altera\hps\altera_hps\hwlib\include\alt_i2c.h", line 358: Warning:  #2532-D: support for trigraphs is disabled
   * Discuss special handling of abrt_sbyte_norstrt TX_ABRT source required in ???() function.
                                                                                ^
../HWLIBS/alt_fpga_manager.c: 1 warning, 0 errors
'Finished building: ../HWLIBS/alt_fpga_manager.c'
' '
'Building file: ../BSP/OS/bsp_os.c'
'Invoking: ARM C Compiler 5'
armcc --cpu=Cortex-A9 --no_unaligned_access -Dsoc_cv_av -I"C:\Users\anarten\ECE492_Projects\LaserHarpG6W18\software\LaserHarpG6W18\APP" -I"C:\Users\anarten\ECE492_Projects\LaserHarpG6W18\software\LaserHarpG6W18\BSP" -I"C:\Users\anarten\ECE492_Projects\LaserHarpG6W18\software\LaserHarpG6W18\BSP\OS" -I"C:\intelFPGA\17.0\embedded\ip\altera\hps\altera_hps\hwlib\include" -I"C:\intelFPGA\17.0\embedded\ip\altera\hps\altera_hps\hwlib\include\soc_cv_av" -I"C:\intelFPGA\17.0\embedded\ip\altera\hps\altera_hps\hwlib\include\soc_cv_av\socal" -I"C:\Users\anarten\ECE492_Projects\LaserHarpG6W18\software\LaserHarpG6W18\HWLIBS" -I"C:\Users\anarten\ECE492_Projects\LaserHarpG6W18\software\LaserHarpG6W18\uC-CPU\ARM-Cortex-A" -I"C:\Users\anarten\ECE492_Projects\LaserHarpG6W18\software\LaserHarpG6W18\uC-CPU" -I"C:\Users\anarten\ECE492_Projects\LaserHarpG6W18\software\LaserHarpG6W18\uC-LIBS" -I"C:\Users\anarten\ECE492_Projects\LaserHarpG6W18\software\LaserHarpG6W18\uCOS-II\Ports" -I"C:\Users\anarten\ECE492_Projects\LaserHarpG6W18\software\LaserHarpG6W18\uCOS-II\Source" --c99 --gnu -O0 -g --md --depend_format=unix_escaped --no_depend_system_headers --depend_dir="BSP/OS" -c -o "BSP/OS/bsp_os.o" "../BSP/OS/bsp_os.c"
'Finished building: ../BSP/OS/bsp_os.c'
' '
'Building file: ../BSP/ARM_Compiler/armv7a_tthelp.s'
'Invoking: ARM Assembler 5'
armasm --cpu=Cortex-A9 --no_unaligned_access -g --md --depend_format=unix_escaped --depend="BSP/ARM_Compiler/armv7a_tthelp.d" -o "BSP/ARM_Compiler/armv7a_tthelp.o" "../BSP/ARM_Compiler/armv7a_tthelp.s"
'Finished building: ../BSP/ARM_Compiler/armv7a_tthelp.s'
' '
'Building file: ../BSP/ARM_Compiler/bsp_cache.s'
'Invoking: ARM Assembler 5'
armasm --cpu=Cortex-A9 --no_unaligned_access -g --md --depend_format=unix_escaped --depend="BSP/ARM_Compiler/bsp_cache.d" -o "BSP/ARM_Compiler/bsp_cache.o" "../BSP/ARM_Compiler/bsp_cache.s"
'Finished building: ../BSP/ARM_Compiler/bsp_cache.s'
' '
'Building file: ../BSP/ARM_Compiler/startup.s'
'Invoking: ARM Assembler 5'
armasm --cpu=Cortex-A9 --no_unaligned_access -g --md --depend_format=unix_escaped --depend="BSP/ARM_Compiler/startup.d" -o "BSP/ARM_Compiler/startup.o" "../BSP/ARM_Compiler/startup.s"
'Finished building: ../BSP/ARM_Compiler/startup.s'
' '
'Building file: ../BSP/bsp.c'
'Invoking: ARM C Compiler 5'
armcc --cpu=Cortex-A9 --no_unaligned_access -Dsoc_cv_av -I"C:\Users\anarten\ECE492_Projects\LaserHarpG6W18\software\LaserHarpG6W18\APP" -I"C:\Users\anarten\ECE492_Projects\LaserHarpG6W18\software\LaserHarpG6W18\BSP" -I"C:\Users\anarten\ECE492_Projects\LaserHarpG6W18\software\LaserHarpG6W18\BSP\OS" -I"C:\intelFPGA\17.0\embedded\ip\altera\hps\altera_hps\hwlib\include" -I"C:\intelFPGA\17.0\embedded\ip\altera\hps\altera_hps\hwlib\include\soc_cv_av" -I"C:\intelFPGA\17.0\embedded\ip\altera\hps\altera_hps\hwlib\include\soc_cv_av\socal" -I"C:\Users\anarten\ECE492_Projects\LaserHarpG6W18\software\LaserHarpG6W18\HWLIBS" -I"C:\Users\anarten\ECE492_Projects\LaserHarpG6W18\software\LaserHarpG6W18\uC-CPU\ARM-Cortex-A" -I"C:\Users\anarten\ECE492_Projects\LaserHarpG6W18\software\LaserHarpG6W18\uC-CPU" -I"C:\Users\anarten\ECE492_Projects\LaserHarpG6W18\software\LaserHarpG6W18\uC-LIBS" -I"C:\Users\anarten\ECE492_Projects\LaserHarpG6W18\software\LaserHarpG6W18\uCOS-II\Ports" -I"C:\Users\anarten\ECE492_Projects\LaserHarpG6W18\software\LaserHarpG6W18\uCOS-II\Source" --c99 --gnu -O0 -g --md --depend_format=unix_escaped --no_depend_system_headers --depend_dir="BSP" -c -o "BSP/bsp.o" "../BSP/bsp.c"
'Finished building: ../BSP/bsp.c'
' '
'Building file: ../BSP/bsp_int.c'
'Invoking: ARM C Compiler 5'
armcc --cpu=Cortex-A9 --no_unaligned_access -Dsoc_cv_av -I"C:\Users\anarten\ECE492_Projects\LaserHarpG6W18\software\LaserHarpG6W18\APP" -I"C:\Users\anarten\ECE492_Projects\LaserHarpG6W18\software\LaserHarpG6W18\BSP" -I"C:\Users\anarten\ECE492_Projects\LaserHarpG6W18\software\LaserHarpG6W18\BSP\OS" -I"C:\intelFPGA\17.0\embedded\ip\altera\hps\altera_hps\hwlib\include" -I"C:\intelFPGA\17.0\embedded\ip\altera\hps\altera_hps\hwlib\include\soc_cv_av" -I"C:\intelFPGA\17.0\embedded\ip\altera\hps\altera_hps\hwlib\include\soc_cv_av\socal" -I"C:\Users\anarten\ECE492_Projects\LaserHarpG6W18\software\LaserHarpG6W18\HWLIBS" -I"C:\Users\anarten\ECE492_Projects\LaserHarpG6W18\software\LaserHarpG6W18\uC-CPU\ARM-Cortex-A" -I"C:\Users\anarten\ECE492_Projects\LaserHarpG6W18\software\LaserHarpG6W18\uC-CPU" -I"C:\Users\anarten\ECE492_Projects\LaserHarpG6W18\software\LaserHarpG6W18\uC-LIBS" -I"C:\Users\anarten\ECE492_Projects\LaserHarpG6W18\software\LaserHarpG6W18\uCOS-II\Ports" -I"C:\Users\anarten\ECE492_Projects\LaserHarpG6W18\software\LaserHarpG6W18\uCOS-II\Source" --c99 --gnu -O0 -g --md --depend_format=unix_escaped --no_depend_system_headers --depend_dir="BSP" -c -o "BSP/bsp_int.o" "../BSP/bsp_int.c"
'Finished building: ../BSP/bsp_int.c'
' '
'Building file: ../BSP/cpu_bsp.c'
'Invoking: ARM C Compiler 5'
armcc --cpu=Cortex-A9 --no_unaligned_access -Dsoc_cv_av -I"C:\Users\anarten\ECE492_Projects\LaserHarpG6W18\software\LaserHarpG6W18\APP" -I"C:\Users\anarten\ECE492_Projects\LaserHarpG6W18\software\LaserHarpG6W18\BSP" -I"C:\Users\anarten\ECE492_Projects\LaserHarpG6W18\software\LaserHarpG6W18\BSP\OS" -I"C:\intelFPGA\17.0\embedded\ip\altera\hps\altera_hps\hwlib\include" -I"C:\intelFPGA\17.0\embedded\ip\altera\hps\altera_hps\hwlib\include\soc_cv_av" -I"C:\intelFPGA\17.0\embedded\ip\altera\hps\altera_hps\hwlib\include\soc_cv_av\socal" -I"C:\Users\anarten\ECE492_Projects\LaserHarpG6W18\software\LaserHarpG6W18\HWLIBS" -I"C:\Users\anarten\ECE492_Projects\LaserHarpG6W18\software\LaserHarpG6W18\uC-CPU\ARM-Cortex-A" -I"C:\Users\anarten\ECE492_Projects\LaserHarpG6W18\software\LaserHarpG6W18\uC-CPU" -I"C:\Users\anarten\ECE492_Projects\LaserHarpG6W18\software\LaserHarpG6W18\uC-LIBS" -I"C:\Users\anarten\ECE492_Projects\LaserHarpG6W18\software\LaserHarpG6W18\uCOS-II\Ports" -I"C:\Users\anarten\ECE492_Projects\LaserHarpG6W18\software\LaserHarpG6W18\uCOS-II\Source" --c99 --gnu -O0 -g --md --depend_format=unix_escaped --no_depend_system_headers --depend_dir="BSP" -c -o "BSP/cpu_bsp.o" "../BSP/cpu_bsp.c"
'Finished building: ../BSP/cpu_bsp.c'
' '
'Building file: ../APP/app.c'
'Invoking: ARM C Compiler 5'
armcc --cpu=Cortex-A9 --no_unaligned_access -Dsoc_cv_av -I"C:\Users\anarten\ECE492_Projects\LaserHarpG6W18\software\LaserHarpG6W18\APP" -I"C:\Users\anarten\ECE492_Projects\LaserHarpG6W18\software\LaserHarpG6W18\BSP" -I"C:\Users\anarten\ECE492_Projects\LaserHarpG6W18\software\LaserHarpG6W18\BSP\OS" -I"C:\intelFPGA\17.0\embedded\ip\altera\hps\altera_hps\hwlib\include" -I"C:\intelFPGA\17.0\embedded\ip\altera\hps\altera_hps\hwlib\include\soc_cv_av" -I"C:\intelFPGA\17.0\embedded\ip\altera\hps\altera_hps\hwlib\include\soc_cv_av\socal" -I"C:\Users\anarten\ECE492_Projects\LaserHarpG6W18\software\LaserHarpG6W18\HWLIBS" -I"C:\Users\anarten\ECE492_Projects\LaserHarpG6W18\software\LaserHarpG6W18\uC-CPU\ARM-Cortex-A" -I"C:\Users\anarten\ECE492_Projects\LaserHarpG6W18\software\LaserHarpG6W18\uC-CPU" -I"C:\Users\anarten\ECE492_Projects\LaserHarpG6W18\software\LaserHarpG6W18\uC-LIBS" -I"C:\Users\anarten\ECE492_Projects\LaserHarpG6W18\software\LaserHarpG6W18\uCOS-II\Ports" -I"C:\Users\anarten\ECE492_Projects\LaserHarpG6W18\software\LaserHarpG6W18\uCOS-II\Source" --c99 --gnu -O0 -g --md --depend_format=unix_escaped --no_depend_system_headers --depend_dir="APP" -c -o "APP/app.o" "../APP/app.c"
'Finished building: ../APP/app.c'
' '
'Building target: LaserHarpG6W18.axf'
'Invoking: ARM Linker 5'
armlink --cpu=Cortex-A9 --entry=Start --scatter=""C:/Users/anarten/ECE492_Projects/LaserHarpG6W18/software/LaserHarpG6W18/BSP/ARM_COMPILER/scatter.scat"" --info=sizes -o "LaserHarpG6W18.axf"  ./uCOS-II/Source/os_core.o ./uCOS-II/Source/os_dbg_r.o ./uCOS-II/Source/os_flag.o ./uCOS-II/Source/os_mbox.o ./uCOS-II/Source/os_mem.o ./uCOS-II/Source/os_mutex.o ./uCOS-II/Source/os_q.o ./uCOS-II/Source/os_sem.o ./uCOS-II/Source/os_task.o ./uCOS-II/Source/os_time.o ./uCOS-II/Source/os_tmr.o  ./uCOS-II/Ports/os_cpu_a_vfp-d32.o ./uCOS-II/Ports/os_cpu_c.o  ./uC-LIBS/lib_ascii.o ./uC-LIBS/lib_math.o ./uC-LIBS/lib_mem.o ./uC-LIBS/lib_str.o  ./uC-CPU/Cache/cpu_cache_armv7_generic_l1_l2c310_l2.o ./uC-CPU/Cache/cpu_cache_armv7_generic_l1_l2c310_l2_a.o  ./uC-CPU/ARM-Cortex-A/cpu_a.o  ./uC-CPU/cpu_core.o  ./HWLIBS/alt_16550_uart.o ./HWLIBS/alt_bridge_manager.o ./HWLIBS/alt_clock_manager.o ./HWLIBS/alt_fpga_manager.o  ./BSP/OS/bsp_os.o  ./BSP/ARM_Compiler/armv7a_tthelp.o ./BSP/ARM_Compiler/bsp_cache.o ./BSP/ARM_Compiler/startup.o  ./BSP/bsp.o ./BSP/bsp_int.o ./BSP/cpu_bsp.o  ./APP/app.o   

==============================================================================

Image component sizes


      Code (inc. data)   RO Data    RW Data    ZI Data      Debug   Object Name

       196         12          0          0      16384       2369   app.o
        96          0          0          0          0        572   armv7a_tthelp.o
       136         16          0          0          0       1701   bsp.o
       436          0          0          0          0        904   bsp_cache.o
       832         32          0          0       1024       5835   bsp_int.o
       280         12          0          0          0       3002   bsp_os.o
        96          0          0          0          0        792   cpu_a.o
       220          4          0          0          0       1332   cpu_bsp.o
        44         12          0          8          0        942   cpu_cache_armv7_generic_l1_l2c310_l2.o
       204          0          0          0          0        680   cpu_cache_armv7_generic_l1_l2c310_l2_a.o
       888         20        260          4          0       6920   cpu_core.o
         0          0          0          0          0      13532   lib_ascii.o
         0          0          0          0          0       1508   lib_math.o
      5136         76          0          4   16777236      27601   lib_mem.o
      5836        160        256         80      10920      24563   os_core.o
       988          0          0          0          0        556   os_cpu_a_vfp-d32.o
       608         36          0         12       4096      14781   os_cpu_c.o
       376        184        118          0          0      12165   os_dbg_r.o
      3768         36          0          0          0       7744   os_flag.o
      1096         16          0          0          0       3776   os_mem.o
      2916         28          0          0          0       6257   os_q.o
      3992         48          0          0          0       9044   os_task.o
       796         28          0          0          0       1982   os_time.o
       496         76          0          0          0        788   startup.o

    ----------------------------------------------------------------------
     29440        800        654        108   50409148     149346   Object Totals
         0          0         16          0   33599488          0   (incl. Generated)
         4          4          4          0          0          0   (incl. Padding)

    ----------------------------------------------------------------------

      Code (inc. data)   RO Data    RW Data    ZI Data      Debug   Library Member Name

         8          0          0          0          0         68   __main.o
         0          0          0          0          0          0   __rtentry.o
        12          0          0          0          0          0   __rtentry2.o
         8          4          0          0          0          0   __rtentry6.o
        52          8          0          0          0          0   __scatter.o
        28          0          0          0          0          0   __scatter_zi.o
       416          0          0          0          0        144   aeabi_sdiv.o
        18          0          0          0          0         80   exit.o
         0          0          0          0          0          0   indicate_semi.o
         2          0          0          0          0          0   libinit.o
         6          0          0          0          0          0   libinit2.o
         2          0          0          0          0          0   libshutdown.o
         2          0          0          0          0          0   libshutdown2.o
       816         64          0          0          0         84   lludiv5.o
         2          0          0          0          0          0   rtexit.o
        10          0          0          0          0          0   rtexit2.o
        12          4          0          0          0         68   sys_exit.o
         2          0          0          0          0         68   use_no_semi.o
        10          0          0          0          0        116   fpinit.o

    ----------------------------------------------------------------------
      1410         80          0          0          0        628   Library Totals
         4          0          0          0          0          0   (incl. Padding)

    ----------------------------------------------------------------------

      Code (inc. data)   RO Data    RW Data    ZI Data      Debug   Library Name

      1396         80          0          0          0        512   c_2.l
        10          0          0          0          0        116   fz_2v.l

    ----------------------------------------------------------------------
      1410         80          0          0          0        628   Library Totals

    ----------------------------------------------------------------------

==============================================================================


      Code (inc. data)   RO Data    RW Data    ZI Data      Debug   

     30850        880        654        108   50409148     145762   Grand Totals
     30850        880        654        108   50409148     145762   ELF Image Totals
     30850        880        654        108          0          0   ROM Totals

==============================================================================

    Total RO  Size (Code + RO Data)                31504 (  30.77kB)
    Total RW  Size (RW Data + ZI Data)          50409256 (49227.79kB)
    Total ROM Size (Code + RO Data + RW Data)      31612 (  30.87kB)

==============================================================================

'Finished building target: LaserHarpG6W18.axf'
' '
